[1.031s] Invoking command in '/home/mahmoud/Desktop/WareHouseRobot/GitHub/System/1- RaspberryPi/pkg_py_pi': PYTHONPATH=/home/mahmoud/Desktop/WareHouseRobot/GitHub/System/1- RaspberryPi/build/pkg_py_pi/prefix_override:/home/mahmoud/Desktop/WareHouseRobot/GitHub/System/1- RaspberryPi/install/pkg_py_pi/lib/python3.10/site-packages:${PYTHONPATH} /usr/bin/python3 setup.py egg_info --egg-base ../build/pkg_py_pi build --build-base /home/mahmoud/Desktop/WareHouseRobot/GitHub/System/1- RaspberryPi/build/pkg_py_pi/build install --record /home/mahmoud/Desktop/WareHouseRobot/GitHub/System/1- RaspberryPi/build/pkg_py_pi/install.log --single-version-externally-managed
[1.373s] running egg_info
[1.374s] writing ../build/pkg_py_pi/pkg_py_pi.egg-info/PKG-INFO
[1.375s] writing dependency_links to ../build/pkg_py_pi/pkg_py_pi.egg-info/dependency_links.txt
[1.375s] writing entry points to ../build/pkg_py_pi/pkg_py_pi.egg-info/entry_points.txt
[1.375s] writing requirements to ../build/pkg_py_pi/pkg_py_pi.egg-info/requires.txt
[1.375s] writing top-level names to ../build/pkg_py_pi/pkg_py_pi.egg-info/top_level.txt
[1.377s] reading manifest file '../build/pkg_py_pi/pkg_py_pi.egg-info/SOURCES.txt'
[1.602s] writing manifest file '../build/pkg_py_pi/pkg_py_pi.egg-info/SOURCES.txt'
[1.602s] running build
[1.603s] running build_py
[1.603s] copying pkg_py_pi/main_pi.py -> /home/mahmoud/Desktop/WareHouseRobot/GitHub/System/1- RaspberryPi/build/pkg_py_pi/build/lib/pkg_py_pi
[1.604s] running install
[1.604s] running install_lib
[1.607s] copying /home/mahmoud/Desktop/WareHouseRobot/GitHub/System/1- RaspberryPi/build/pkg_py_pi/build/lib/pkg_py_pi/main_pi.py -> /home/mahmoud/Desktop/WareHouseRobot/GitHub/System/1- RaspberryPi/install/pkg_py_pi/lib/python3.10/site-packages/pkg_py_pi
[1.609s] byte-compiling /home/mahmoud/Desktop/WareHouseRobot/GitHub/System/1- RaspberryPi/install/pkg_py_pi/lib/python3.10/site-packages/pkg_py_pi/main_pi.py to main_pi.cpython-310.pyc
[1.611s] running install_data
[1.613s] running install_egg_info
[1.618s] removing '/home/mahmoud/Desktop/WareHouseRobot/GitHub/System/1- RaspberryPi/install/pkg_py_pi/lib/python3.10/site-packages/pkg_py_pi-0.0.0-py3.10.egg-info' (and everything under it)
[1.619s] Copying ../build/pkg_py_pi/pkg_py_pi.egg-info to /home/mahmoud/Desktop/WareHouseRobot/GitHub/System/1- RaspberryPi/install/pkg_py_pi/lib/python3.10/site-packages/pkg_py_pi-0.0.0-py3.10.egg-info
[1.622s] running install_scripts
[1.656s] Installing pi script to /home/mahmoud/Desktop/WareHouseRobot/GitHub/System/1- RaspberryPi/install/pkg_py_pi/lib/pkg_py_pi
[1.656s] writing list of installed files to '/home/mahmoud/Desktop/WareHouseRobot/GitHub/System/1- RaspberryPi/build/pkg_py_pi/install.log'
[1.680s] Invoked command in '/home/mahmoud/Desktop/WareHouseRobot/GitHub/System/1- RaspberryPi/pkg_py_pi' returned '0': PYTHONPATH=/home/mahmoud/Desktop/WareHouseRobot/GitHub/System/1- RaspberryPi/build/pkg_py_pi/prefix_override:/home/mahmoud/Desktop/WareHouseRobot/GitHub/System/1- RaspberryPi/install/pkg_py_pi/lib/python3.10/site-packages:${PYTHONPATH} /usr/bin/python3 setup.py egg_info --egg-base ../build/pkg_py_pi build --build-base /home/mahmoud/Desktop/WareHouseRobot/GitHub/System/1- RaspberryPi/build/pkg_py_pi/build install --record /home/mahmoud/Desktop/WareHouseRobot/GitHub/System/1- RaspberryPi/build/pkg_py_pi/install.log --single-version-externally-managed
