[0.138s] DEBUG:colcon:Command line arguments: ['/usr/bin/colcon', 'build', '--packages-select', 'pkg_py_pi']
[0.138s] DEBUG:colcon:Parsed command line arguments: Namespace(log_base=None, log_level=None, verb_name='build', build_base='build', install_base='install', merge_install=False, symlink_install=False, test_result_base=None, continue_on_error=False, executor='parallel', parallel_workers=12, event_handlers=None, ignore_user_meta=False, metas=['./colcon.meta'], base_paths=['.'], packages_ignore=None, packages_ignore_regex=None, paths=None, packages_up_to=None, packages_up_to_regex=None, packages_above=None, packages_above_and_dependencies=None, packages_above_depth=None, packages_select_by_dep=None, packages_skip_by_dep=None, packages_skip_up_to=None, packages_select_build_failed=False, packages_skip_build_finished=False, packages_select_test_failures=False, packages_skip_test_passed=False, packages_select=['pkg_py_pi'], packages_skip=None, packages_select_regex=None, packages_skip_regex=None, packages_start=None, packages_end=None, allow_overriding=[], cmake_args=None, cmake_target=None, cmake_target_skip_unavailable=False, cmake_clean_cache=False, cmake_clean_first=False, cmake_force_configure=False, ament_cmake_args=None, catkin_cmake_args=None, catkin_skip_building_tests=False, verb_parser=<colcon_defaults.argument_parser.defaults.DefaultArgumentsDecorator object at 0x72ee163a5a50>, verb_extension=<colcon_core.verb.build.BuildVerb object at 0x72ee163a54e0>, main=<bound method BuildVerb.main of <colcon_core.verb.build.BuildVerb object at 0x72ee163a54e0>>)
[0.390s] Level 1:colcon.colcon_core.package_discovery:discover_packages(colcon_meta) check parameters
[0.390s] Level 1:colcon.colcon_core.package_discovery:discover_packages(recursive) check parameters
[0.390s] Level 1:colcon.colcon_core.package_discovery:discover_packages(ignore) check parameters
[0.390s] Level 1:colcon.colcon_core.package_discovery:discover_packages(path) check parameters
[0.390s] Level 1:colcon.colcon_core.package_discovery:discover_packages(colcon_meta) discover
[0.390s] Level 1:colcon.colcon_core.package_discovery:discover_packages(recursive) discover
[0.390s] INFO:colcon.colcon_core.package_discovery:Crawling recursively for packages in '/home/mahmoud/Desktop/WareHouseRobot/GitHub/Firmware-System/1- RaspberryPi'
[0.390s] Level 1:colcon.colcon_core.package_identification:_identify(.) by extensions ['ignore', 'ignore_ament_install']
[0.390s] Level 1:colcon.colcon_core.package_identification:_identify(.) by extension 'ignore'
[0.390s] Level 1:colcon.colcon_core.package_identification:_identify(.) by extension 'ignore_ament_install'
[0.391s] Level 1:colcon.colcon_core.package_identification:_identify(.) by extensions ['colcon_pkg']
[0.391s] Level 1:colcon.colcon_core.package_identification:_identify(.) by extension 'colcon_pkg'
[0.391s] Level 1:colcon.colcon_core.package_identification:_identify(.) by extensions ['colcon_meta']
[0.391s] Level 1:colcon.colcon_core.package_identification:_identify(.) by extension 'colcon_meta'
[0.391s] Level 1:colcon.colcon_core.package_identification:_identify(.) by extensions ['ros']
[0.391s] Level 1:colcon.colcon_core.package_identification:_identify(.) by extension 'ros'
[0.404s] Level 1:colcon.colcon_core.package_identification:_identify(.) by extensions ['cmake', 'python']
[0.404s] Level 1:colcon.colcon_core.package_identification:_identify(.) by extension 'cmake'
[0.404s] Level 1:colcon.colcon_core.package_identification:_identify(.) by extension 'python'
[0.404s] Level 1:colcon.colcon_core.package_identification:_identify(.) by extensions ['python_setup_py']
[0.404s] Level 1:colcon.colcon_core.package_identification:_identify(.) by extension 'python_setup_py'
[0.405s] Level 1:colcon.colcon_core.package_identification:_identify(build) by extensions ['ignore', 'ignore_ament_install']
[0.405s] Level 1:colcon.colcon_core.package_identification:_identify(build) by extension 'ignore'
[0.405s] Level 1:colcon.colcon_core.package_identification:_identify(build) ignored
[0.405s] Level 1:colcon.colcon_core.package_identification:_identify(install) by extensions ['ignore', 'ignore_ament_install']
[0.405s] Level 1:colcon.colcon_core.package_identification:_identify(install) by extension 'ignore'
[0.405s] Level 1:colcon.colcon_core.package_identification:_identify(install) ignored
[0.405s] Level 1:colcon.colcon_core.package_identification:_identify(log) by extensions ['ignore', 'ignore_ament_install']
[0.405s] Level 1:colcon.colcon_core.package_identification:_identify(log) by extension 'ignore'
[0.405s] Level 1:colcon.colcon_core.package_identification:_identify(log) ignored
[0.406s] Level 1:colcon.colcon_core.package_identification:_identify(pkg_py_pi) by extensions ['ignore', 'ignore_ament_install']
[0.406s] Level 1:colcon.colcon_core.package_identification:_identify(pkg_py_pi) by extension 'ignore'
[0.406s] Level 1:colcon.colcon_core.package_identification:_identify(pkg_py_pi) by extension 'ignore_ament_install'
[0.406s] Level 1:colcon.colcon_core.package_identification:_identify(pkg_py_pi) by extensions ['colcon_pkg']
[0.406s] Level 1:colcon.colcon_core.package_identification:_identify(pkg_py_pi) by extension 'colcon_pkg'
[0.406s] Level 1:colcon.colcon_core.package_identification:_identify(pkg_py_pi) by extensions ['colcon_meta']
[0.406s] Level 1:colcon.colcon_core.package_identification:_identify(pkg_py_pi) by extension 'colcon_meta'
[0.406s] Level 1:colcon.colcon_core.package_identification:_identify(pkg_py_pi) by extensions ['ros']
[0.406s] Level 1:colcon.colcon_core.package_identification:_identify(pkg_py_pi) by extension 'ros'
[0.409s] DEBUG:colcon.colcon_core.package_identification:Package 'pkg_py_pi' with type 'ros.ament_python' and name 'pkg_py_pi'
[0.409s] Level 1:colcon.colcon_core.package_discovery:discover_packages(recursive) using defaults
[0.409s] Level 1:colcon.colcon_core.package_discovery:discover_packages(ignore) discover
[0.409s] Level 1:colcon.colcon_core.package_discovery:discover_packages(ignore) using defaults
[0.409s] Level 1:colcon.colcon_core.package_discovery:discover_packages(path) discover
[0.409s] Level 1:colcon.colcon_core.package_discovery:discover_packages(path) using defaults
[0.443s] Level 1:colcon.colcon_core.package_discovery:discover_packages(prefix_path) check parameters
[0.443s] Level 1:colcon.colcon_core.package_discovery:discover_packages(prefix_path) discover
[0.445s] DEBUG:colcon.colcon_installed_package_information.package_discovery:Found 1 installed packages in /home/mahmoud/Desktop/WareHouseRobot/ROS/1- RaspberryPi/install
[0.446s] DEBUG:colcon.colcon_installed_package_information.package_discovery:Found 3 installed packages in /home/mahmoud/Desktop/FlashBack-ROS2/install
[0.447s] DEBUG:colcon.colcon_installed_package_information.package_discovery:Found 4 installed packages in /home/mahmoud/ros2_ws/install
[0.447s] DEBUG:colcon.colcon_installed_package_information.package_discovery:Found 1 installed packages in /home/mahmoud/Desktop/WareHouseRobot/GitHub/System/1- RaspberryPi/install
[0.448s] DEBUG:colcon.colcon_installed_package_information.package_discovery:Found 1 installed packages in /home/mahmoud/Desktop/WareHouseRobot/GitHub/System/0- Station/install
[0.450s] DEBUG:colcon.colcon_installed_package_information.package_discovery:Found 384 installed packages in /opt/ros/humble
[0.452s] Level 1:colcon.colcon_core.package_discovery:discover_packages(prefix_path) using defaults
[0.514s] Level 5:colcon.colcon_core.verb:set package 'pkg_py_pi' build argument 'cmake_args' from command line to 'None'
[0.514s] Level 5:colcon.colcon_core.verb:set package 'pkg_py_pi' build argument 'cmake_target' from command line to 'None'
[0.514s] Level 5:colcon.colcon_core.verb:set package 'pkg_py_pi' build argument 'cmake_target_skip_unavailable' from command line to 'False'
[0.514s] Level 5:colcon.colcon_core.verb:set package 'pkg_py_pi' build argument 'cmake_clean_cache' from command line to 'False'
[0.514s] Level 5:colcon.colcon_core.verb:set package 'pkg_py_pi' build argument 'cmake_clean_first' from command line to 'False'
[0.514s] Level 5:colcon.colcon_core.verb:set package 'pkg_py_pi' build argument 'cmake_force_configure' from command line to 'False'
[0.514s] Level 5:colcon.colcon_core.verb:set package 'pkg_py_pi' build argument 'ament_cmake_args' from command line to 'None'
[0.514s] Level 5:colcon.colcon_core.verb:set package 'pkg_py_pi' build argument 'catkin_cmake_args' from command line to 'None'
[0.514s] Level 5:colcon.colcon_core.verb:set package 'pkg_py_pi' build argument 'catkin_skip_building_tests' from command line to 'False'
[0.514s] DEBUG:colcon.colcon_core.verb:Building package 'pkg_py_pi' with the following arguments: {'ament_cmake_args': None, 'build_base': '/home/mahmoud/Desktop/WareHouseRobot/GitHub/Firmware-System/1- RaspberryPi/build/pkg_py_pi', 'catkin_cmake_args': None, 'catkin_skip_building_tests': False, 'cmake_args': None, 'cmake_clean_cache': False, 'cmake_clean_first': False, 'cmake_force_configure': False, 'cmake_target': None, 'cmake_target_skip_unavailable': False, 'install_base': '/home/mahmoud/Desktop/WareHouseRobot/GitHub/Firmware-System/1- RaspberryPi/install/pkg_py_pi', 'merge_install': False, 'path': '/home/mahmoud/Desktop/WareHouseRobot/GitHub/Firmware-System/1- RaspberryPi/pkg_py_pi', 'symlink_install': False, 'test_result_base': None}
[0.514s] INFO:colcon.colcon_core.executor:Executing jobs using 'parallel' executor
[0.515s] DEBUG:colcon.colcon_parallel_executor.executor.parallel:run_until_complete
[0.516s] INFO:colcon.colcon_ros.task.ament_python.build:Building ROS package in '/home/mahmoud/Desktop/WareHouseRobot/GitHub/Firmware-System/1- RaspberryPi/pkg_py_pi' with build type 'ament_python'
[0.516s] Level 1:colcon.colcon_core.shell:create_environment_hook('pkg_py_pi', 'ament_prefix_path')
[0.518s] INFO:colcon.colcon_core.plugin_system:Skipping extension 'colcon_core.shell.bat': Not used on non-Windows systems
[0.519s] INFO:colcon.colcon_core.shell:Creating environment hook '/home/mahmoud/Desktop/WareHouseRobot/GitHub/Firmware-System/1- RaspberryPi/install/pkg_py_pi/share/pkg_py_pi/hook/ament_prefix_path.ps1'
[0.519s] INFO:colcon.colcon_core.shell:Creating environment descriptor '/home/mahmoud/Desktop/WareHouseRobot/GitHub/Firmware-System/1- RaspberryPi/install/pkg_py_pi/share/pkg_py_pi/hook/ament_prefix_path.dsv'
[0.520s] INFO:colcon.colcon_core.shell:Creating environment hook '/home/mahmoud/Desktop/WareHouseRobot/GitHub/Firmware-System/1- RaspberryPi/install/pkg_py_pi/share/pkg_py_pi/hook/ament_prefix_path.sh'
[0.521s] INFO:colcon.colcon_core.shell:Skip shell extension 'powershell' for command environment: Not usable outside of PowerShell
[0.521s] DEBUG:colcon.colcon_core.shell:Skip shell extension 'dsv' for command environment
[0.849s] INFO:colcon.colcon_core.task.python.build:Building Python package in '/home/mahmoud/Desktop/WareHouseRobot/GitHub/Firmware-System/1- RaspberryPi/pkg_py_pi'
[0.850s] INFO:colcon.colcon_core.shell:Skip shell extension 'powershell' for command environment: Not usable outside of PowerShell
[0.850s] DEBUG:colcon.colcon_core.shell:Skip shell extension 'dsv' for command environment
[1.330s] DEBUG:colcon.colcon_core.event_handler.log_command:Invoking command in '/home/mahmoud/Desktop/WareHouseRobot/GitHub/Firmware-System/1- RaspberryPi/pkg_py_pi': PYTHONPATH=/home/mahmoud/Desktop/WareHouseRobot/GitHub/Firmware-System/1- RaspberryPi/build/pkg_py_pi/prefix_override:/home/mahmoud/Desktop/WareHouseRobot/GitHub/Firmware-System/1- RaspberryPi/install/pkg_py_pi/lib/python3.10/site-packages:${PYTHONPATH} /usr/bin/python3 -W ignore:setup.py install is deprecated setup.py egg_info --egg-base ../build/pkg_py_pi build --build-base /home/mahmoud/Desktop/WareHouseRobot/GitHub/Firmware-System/1- RaspberryPi/build/pkg_py_pi/build install --record /home/mahmoud/Desktop/WareHouseRobot/GitHub/Firmware-System/1- RaspberryPi/build/pkg_py_pi/install.log --single-version-externally-managed install_data
[1.727s] DEBUG:colcon.colcon_core.event_handler.log_command:Invoked command in '/home/mahmoud/Desktop/WareHouseRobot/GitHub/Firmware-System/1- RaspberryPi/pkg_py_pi' returned '0': PYTHONPATH=/home/mahmoud/Desktop/WareHouseRobot/GitHub/Firmware-System/1- RaspberryPi/build/pkg_py_pi/prefix_override:/home/mahmoud/Desktop/WareHouseRobot/GitHub/Firmware-System/1- RaspberryPi/install/pkg_py_pi/lib/python3.10/site-packages:${PYTHONPATH} /usr/bin/python3 -W ignore:setup.py install is deprecated setup.py egg_info --egg-base ../build/pkg_py_pi build --build-base /home/mahmoud/Desktop/WareHouseRobot/GitHub/Firmware-System/1- RaspberryPi/build/pkg_py_pi/build install --record /home/mahmoud/Desktop/WareHouseRobot/GitHub/Firmware-System/1- RaspberryPi/build/pkg_py_pi/install.log --single-version-externally-managed install_data
[1.730s] Level 1:colcon.colcon_core.environment:checking '/home/mahmoud/Desktop/WareHouseRobot/GitHub/Firmware-System/1- RaspberryPi/install/pkg_py_pi' for CMake module files
[1.731s] Level 1:colcon.colcon_core.environment:checking '/home/mahmoud/Desktop/WareHouseRobot/GitHub/Firmware-System/1- RaspberryPi/install/pkg_py_pi' for CMake config files
[1.732s] Level 1:colcon.colcon_core.environment:checking '/home/mahmoud/Desktop/WareHouseRobot/GitHub/Firmware-System/1- RaspberryPi/install/pkg_py_pi/lib'
[1.732s] Level 1:colcon.colcon_core.environment:checking '/home/mahmoud/Desktop/WareHouseRobot/GitHub/Firmware-System/1- RaspberryPi/install/pkg_py_pi/bin'
[1.732s] Level 1:colcon.colcon_core.environment:checking '/home/mahmoud/Desktop/WareHouseRobot/GitHub/Firmware-System/1- RaspberryPi/install/pkg_py_pi/lib/pkgconfig/pkg_py_pi.pc'
[1.732s] Level 1:colcon.colcon_core.environment:checking '/home/mahmoud/Desktop/WareHouseRobot/GitHub/Firmware-System/1- RaspberryPi/install/pkg_py_pi/lib/python3.10/site-packages'
[1.732s] Level 1:colcon.colcon_core.shell:create_environment_hook('pkg_py_pi', 'pythonpath')
[1.733s] INFO:colcon.colcon_core.shell:Creating environment hook '/home/mahmoud/Desktop/WareHouseRobot/GitHub/Firmware-System/1- RaspberryPi/install/pkg_py_pi/share/pkg_py_pi/hook/pythonpath.ps1'
[1.733s] INFO:colcon.colcon_core.shell:Creating environment descriptor '/home/mahmoud/Desktop/WareHouseRobot/GitHub/Firmware-System/1- RaspberryPi/install/pkg_py_pi/share/pkg_py_pi/hook/pythonpath.dsv'
[1.733s] INFO:colcon.colcon_core.shell:Creating environment hook '/home/mahmoud/Desktop/WareHouseRobot/GitHub/Firmware-System/1- RaspberryPi/install/pkg_py_pi/share/pkg_py_pi/hook/pythonpath.sh'
[1.734s] Level 1:colcon.colcon_core.environment:checking '/home/mahmoud/Desktop/WareHouseRobot/GitHub/Firmware-System/1- RaspberryPi/install/pkg_py_pi/bin'
[1.734s] Level 1:colcon.colcon_core.environment:create_environment_scripts_only(pkg_py_pi)
[1.734s] INFO:colcon.colcon_core.shell:Creating package script '/home/mahmoud/Desktop/WareHouseRobot/GitHub/Firmware-System/1- RaspberryPi/install/pkg_py_pi/share/pkg_py_pi/package.ps1'
[1.735s] INFO:colcon.colcon_core.shell:Creating package descriptor '/home/mahmoud/Desktop/WareHouseRobot/GitHub/Firmware-System/1- RaspberryPi/install/pkg_py_pi/share/pkg_py_pi/package.dsv'
[1.736s] INFO:colcon.colcon_core.shell:Creating package script '/home/mahmoud/Desktop/WareHouseRobot/GitHub/Firmware-System/1- RaspberryPi/install/pkg_py_pi/share/pkg_py_pi/package.sh'
[1.737s] INFO:colcon.colcon_core.shell:Creating package script '/home/mahmoud/Desktop/WareHouseRobot/GitHub/Firmware-System/1- RaspberryPi/install/pkg_py_pi/share/pkg_py_pi/package.bash'
[1.738s] INFO:colcon.colcon_core.shell:Creating package script '/home/mahmoud/Desktop/WareHouseRobot/GitHub/Firmware-System/1- RaspberryPi/install/pkg_py_pi/share/pkg_py_pi/package.zsh'
[1.739s] Level 1:colcon.colcon_core.environment:create_file_with_runtime_dependencies(/home/mahmoud/Desktop/WareHouseRobot/GitHub/Firmware-System/1- RaspberryPi/install/pkg_py_pi/share/colcon-core/packages/pkg_py_pi)
[1.739s] DEBUG:colcon.colcon_parallel_executor.executor.parallel:closing loop
[1.739s] DEBUG:colcon.colcon_parallel_executor.executor.parallel:loop closed
[1.739s] DEBUG:colcon.colcon_parallel_executor.executor.parallel:run_until_complete finished with '0'
[1.739s] DEBUG:colcon.colcon_core.event_reactor:joining thread
[1.745s] INFO:colcon.colcon_core.plugin_system:Skipping extension 'colcon_notification.desktop_notification.terminal_notifier': Not used on non-Darwin systems
[1.745s] INFO:colcon.colcon_core.plugin_system:Skipping extension 'colcon_notification.desktop_notification.win32': Not used on non-Windows systems
[1.745s] INFO:colcon.colcon_notification.desktop_notification:Sending desktop notification using 'notify2'
[1.754s] DEBUG:colcon.colcon_core.event_reactor:joined thread
[1.754s] INFO:colcon.colcon_core.shell:Creating prefix script '/home/mahmoud/Desktop/WareHouseRobot/GitHub/Firmware-System/1- RaspberryPi/install/local_setup.ps1'
[1.755s] INFO:colcon.colcon_core.shell:Creating prefix util module '/home/mahmoud/Desktop/WareHouseRobot/GitHub/Firmware-System/1- RaspberryPi/install/_local_setup_util_ps1.py'
[1.756s] INFO:colcon.colcon_core.shell:Creating prefix chain script '/home/mahmoud/Desktop/WareHouseRobot/GitHub/Firmware-System/1- RaspberryPi/install/setup.ps1'
[1.757s] INFO:colcon.colcon_core.shell:Creating prefix script '/home/mahmoud/Desktop/WareHouseRobot/GitHub/Firmware-System/1- RaspberryPi/install/local_setup.sh'
[1.757s] INFO:colcon.colcon_core.shell:Creating prefix util module '/home/mahmoud/Desktop/WareHouseRobot/GitHub/Firmware-System/1- RaspberryPi/install/_local_setup_util_sh.py'
[1.758s] INFO:colcon.colcon_core.shell:Creating prefix chain script '/home/mahmoud/Desktop/WareHouseRobot/GitHub/Firmware-System/1- RaspberryPi/install/setup.sh'
[1.759s] INFO:colcon.colcon_core.shell:Creating prefix script '/home/mahmoud/Desktop/WareHouseRobot/GitHub/Firmware-System/1- RaspberryPi/install/local_setup.bash'
[1.759s] INFO:colcon.colcon_core.shell:Creating prefix chain script '/home/mahmoud/Desktop/WareHouseRobot/GitHub/Firmware-System/1- RaspberryPi/install/setup.bash'
[1.760s] INFO:colcon.colcon_core.shell:Creating prefix script '/home/mahmoud/Desktop/WareHouseRobot/GitHub/Firmware-System/1- RaspberryPi/install/local_setup.zsh'
[1.761s] INFO:colcon.colcon_core.shell:Creating prefix chain script '/home/mahmoud/Desktop/WareHouseRobot/GitHub/Firmware-System/1- RaspberryPi/install/setup.zsh'
