running egg_info
writing ../build/pkg_py_pi/pkg_py_pi.egg-info/PKG-INFO
writing dependency_links to ../build/pkg_py_pi/pkg_py_pi.egg-info/dependency_links.txt
writing entry points to ../build/pkg_py_pi/pkg_py_pi.egg-info/entry_points.txt
writing requirements to ../build/pkg_py_pi/pkg_py_pi.egg-info/requires.txt
writing top-level names to ../build/pkg_py_pi/pkg_py_pi.egg-info/top_level.txt
reading manifest file '../build/pkg_py_pi/pkg_py_pi.egg-info/SOURCES.txt'
writing manifest file '../build/pkg_py_pi/pkg_py_pi.egg-info/SOURCES.txt'
running build
running build_py
copying pkg_py_pi/main_pi.py -> /home/mahmoud/Desktop/WareHouseRobot/GitHub/System/1- RaspberryPi/build/pkg_py_pi/build/lib/pkg_py_pi
running install
running install_lib
copying /home/mahmoud/Desktop/WareHouseRobot/GitHub/System/1- RaspberryPi/build/pkg_py_pi/build/lib/pkg_py_pi/main_pi.py -> /home/mahmoud/Desktop/WareHouseRobot/GitHub/System/1- RaspberryPi/install/pkg_py_pi/lib/python3.10/site-packages/pkg_py_pi
byte-compiling /home/mahmoud/Desktop/WareHouseRobot/GitHub/System/1- RaspberryPi/install/pkg_py_pi/lib/python3.10/site-packages/pkg_py_pi/main_pi.py to main_pi.cpython-310.pyc
running install_data
running install_egg_info
removing '/home/mahmoud/Desktop/WareHouseRobot/GitHub/System/1- RaspberryPi/install/pkg_py_pi/lib/python3.10/site-packages/pkg_py_pi-0.0.0-py3.10.egg-info' (and everything under it)
Copying ../build/pkg_py_pi/pkg_py_pi.egg-info to /home/mahmoud/Desktop/WareHouseRobot/GitHub/System/1- RaspberryPi/install/pkg_py_pi/lib/python3.10/site-packages/pkg_py_pi-0.0.0-py3.10.egg-info
running install_scripts
Installing pi script to /home/mahmoud/Desktop/WareHouseRobot/GitHub/System/1- RaspberryPi/install/pkg_py_pi/lib/pkg_py_pi
writing list of installed files to '/home/mahmoud/Desktop/WareHouseRobot/GitHub/System/1- RaspberryPi/build/pkg_py_pi/install.log'
